# JRE version: Java(TM) SE Runtime Environment (8.0_271-b09) (build 1.8.0_271-b09)
# Java VM: Java HotSpot(TM) 64-Bit Server VM (25.271-b09 mixed mode windows-amd64 compressed oops)
Heap:
 PSYoungGen      total 192000K, used 43848K [0x00000000e0000000, 0x00000000ef680000, 0x0000000100000000)
  eden space 172032K, 14% used [0x00000000e0000000,0x00000000e190fd08,0x00000000ea800000)
  from space 19968K, 91% used [0x00000000ea800000,0x00000000eb9c2590,0x00000000ebb80000)
  to   space 22016K, 0% used [0x00000000ee100000,0x00000000ee100000,0x00000000ef680000)
 ParOldGen       total 69120K, used 31847K [0x00000000a0000000, 0x00000000a4380000, 0x00000000e0000000)
  object space 69120K, 46% used [0x00000000a0000000,0x00000000a1f19fa8,0x00000000a4380000)
 Metaspace       used 66260K, capacity 68604K, committed 68736K, reserved 1107968K
  class space    used 8637K, capacity 9236K, committed 9344K, reserved 1048576K
GC Heap History (10 events):
Event: 80.042 GC heap before
{Heap before GC invocations=16 (full 2):
 PSYoungGen      total 116224K, used 116205K [0x00000000e0000000, 0x00000000e9e80000, 0x0000000100000000)
  eden space 102400K, 100% used [0x00000000e0000000,0x00000000e6400000,0x00000000e6400000)
  from space 13824K, 99% used [0x00000000e6400000,0x00000000e717b680,0x00000000e7180000)
  to   space 16384K, 0% used [0x00000000e8e80000,0x00000000e8e80000,0x00000000e9e80000)
 ParOldGen       total 45568K, used 18692K [0x00000000a0000000, 0x00000000a2c80000, 0x00000000e0000000)
  object space 45568K, 41% used [0x00000000a0000000,0x00000000a12410d0,0x00000000a2c80000)
 Metaspace       used 50610K, capacity 51732K, committed 51840K, reserved 1093632K
  class space    used 6684K, capacity 6993K, committed 7040K, reserved 1048576K
Event: 80.525 GC heap after
Heap after GC invocations=16 (full 2):
 PSYoungGen      total 144896K, used 12390K [0x00000000e0000000, 0x00000000ea500000, 0x0000000100000000)
  eden space 128512K, 0% used [0x00000000e0000000,0x00000000e0000000,0x00000000e7d80000)
  from space 16384K, 75% used [0x00000000e8e80000,0x00000000e9a99a80,0x00000000e9e80000)
  to   space 17408K, 0% used [0x00000000e7d80000,0x00000000e7d80000,0x00000000e8e80000)
 ParOldGen       total 45568K, used 18700K [0x00000000a0000000, 0x00000000a2c80000, 0x00000000e0000000)
  object space 45568K, 41% used [0x00000000a0000000,0x00000000a12430d0,0x00000000a2c80000)
 Metaspace       used 50610K, capacity 51732K, committed 51840K, reserved 1093632K
  class space    used 6684K, capacity 6993K, committed 7040K, reserved 1048576K
}
Event: 98.706 GC heap before
{Heap before GC invocations=17 (full 2):
 PSYoungGen      total 144896K, used 140902K [0x00000000e0000000, 0x00000000ea500000, 0x0000000100000000)
  eden space 128512K, 100% used [0x00000000e0000000,0x00000000e7d80000,0x00000000e7d80000)
  from space 16384K, 75% used [0x00000000e8e80000,0x00000000e9a99a80,0x00000000e9e80000)
  to   space 17408K, 0% used [0x00000000e7d80000,0x00000000e7d80000,0x00000000e8e80000)
 ParOldGen       total 45568K, used 18700K [0x00000000a0000000, 0x00000000a2c80000, 0x00000000e0000000)
  object space 45568K, 41% used [0x00000000a0000000,0x00000000a12430d0,0x00000000a2c80000)
 Metaspace       used 56325K, capacity 57860K, committed 57984K, reserved 1099776K
  class space    used 7525K, capacity 7958K, committed 8064K, reserved 1048576K
Event: 99.791 GC heap after
Heap after GC invocations=17 (full 2):
 PSYoungGen      total 145920K, used 17387K [0x00000000e0000000, 0x00000000ed100000, 0x0000000100000000)
  eden space 128512K, 0% used [0x00000000e0000000,0x00000000e0000000,0x00000000e7d80000)
  from space 17408K, 99% used [0x00000000e7d80000,0x00000000e8e7ac68,0x00000000e8e80000)
  to   space 20992K, 0% used [0x00000000ebc80000,0x00000000ebc80000,0x00000000ed100000)
 ParOldGen       total 45568K, used 20857K [0x00000000a0000000, 0x00000000a2c80000, 0x00000000e0000000)
  object space 45568K, 45% used [0x00000000a0000000,0x00000000a145e438,0x00000000a2c80000)
 Metaspace       used 56325K, capacity 57860K, committed 57984K, reserved 1099776K
  class space    used 7525K, capacity 7958K, committed 8064K, reserved 1048576K
}
Event: 100.729 GC heap before
{Heap before GC invocations=18 (full 2):
 PSYoungGen      total 145920K, used 29878K [0x00000000e0000000, 0x00000000ed100000, 0x0000000100000000)
  eden space 128512K, 9% used [0x00000000e0000000,0x00000000e0c32bb8,0x00000000e7d80000)
  from space 17408K, 99% used [0x00000000e7d80000,0x00000000e8e7ac68,0x00000000e8e80000)
  to   space 20992K, 0% used [0x00000000ebc80000,0x00000000ebc80000,0x00000000ed100000)
 ParOldGen       total 45568K, used 20857K [0x00000000a0000000, 0x00000000a2c80000, 0x00000000e0000000)
  object space 45568K, 45% used [0x00000000a0000000,0x00000000a145e438,0x00000000a2c80000)
 Metaspace       used 57509K, capacity 59070K, committed 59136K, reserved 1099776K
  class space    used 7750K, capacity 8179K, committed 8192K, reserved 1048576K
Event: 100.767 GC heap after
Heap after GC invocations=18 (full 2):
 PSYoungGen      total 190976K, used 8628K [0x00000000e0000000, 0x00000000ecf00000, 0x0000000100000000)
  eden space 172032K, 0% used [0x00000000e0000000,0x00000000e0000000,0x00000000ea800000)
  from space 18944K, 45% used [0x00000000ebc80000,0x00000000ec4ed138,0x00000000ecf00000)
  to   space 19968K, 0% used [0x00000000ea800000,0x00000000ea800000,0x00000000ebb80000)
 ParOldGen       total 45568K, used 29552K [0x00000000a0000000, 0x00000000a2c80000, 0x00000000e0000000)
  object space 45568K, 64% used [0x00000000a0000000,0x00000000a1cdc048,0x00000000a2c80000)
 Metaspace       used 57509K, capacity 59070K, committed 59136K, reserved 1099776K
  class space    used 7750K, capacity 8179K, committed 8192K, reserved 1048576K
}
Event: 100.767 GC heap before
{Heap before GC invocations=19 (full 3):
 PSYoungGen      total 190976K, used 8628K [0x00000000e0000000, 0x00000000ecf00000, 0x0000000100000000)
  eden space 172032K, 0% used [0x00000000e0000000,0x00000000e0000000,0x00000000ea800000)
  from space 18944K, 45% used [0x00000000ebc80000,0x00000000ec4ed138,0x00000000ecf00000)
  to   space 19968K, 0% used [0x00000000ea800000,0x00000000ea800000,0x00000000ebb80000)
 ParOldGen       total 45568K, used 29552K [0x00000000a0000000, 0x00000000a2c80000, 0x00000000e0000000)
  object space 45568K, 64% used [0x00000000a0000000,0x00000000a1cdc048,0x00000000a2c80000)
 Metaspace       used 57509K, capacity 59070K, committed 59136K, reserved 1099776K
  class space    used 7750K, capacity 8179K, committed 8192K, reserved 1048576K
Event: 102.273 GC heap after
Heap after GC invocations=19 (full 3):
 PSYoungGen      total 190976K, used 0K [0x00000000e0000000, 0x00000000ecf00000, 0x0000000100000000)
  eden space 172032K, 0% used [0x00000000e0000000,0x00000000e0000000,0x00000000ea800000)
  from space 18944K, 0% used [0x00000000ebc80000,0x00000000ebc80000,0x00000000ecf00000)
  to   space 19968K, 0% used [0x00000000ea800000,0x00000000ea800000,0x00000000ebb80000)
 ParOldGen       total 69120K, used 31775K [0x00000000a0000000, 0x00000000a4380000, 0x00000000e0000000)
  object space 69120K, 45% used [0x00000000a0000000,0x00000000a1f07f98,0x00000000a4380000)
 Metaspace       used 57166K, capacity 58656K, committed 59136K, reserved 1099776K
  class space    used 7682K, capacity 8101K, committed 8192K, reserved 1048576K
}
Event: 259.373 GC heap before
{Heap before GC invocations=20 (full 3):
 PSYoungGen      total 190976K, used 172032K [0x00000000e0000000, 0x00000000ecf00000, 0x0000000100000000)
  eden space 172032K, 100% used [0x00000000e0000000,0x00000000ea800000,0x00000000ea800000)
  from space 18944K, 0% used [0x00000000ebc80000,0x00000000ebc80000,0x00000000ecf00000)
  to   space 19968K, 0% used [0x00000000ea800000,0x00000000ea800000,0x00000000ebb80000)
 ParOldGen       total 69120K, used 31775K [0x00000000a0000000, 0x00000000a4380000, 0x00000000e0000000)
  object space 69120K, 45% used [0x00000000a0000000,0x00000000a1f07f98,0x00000000a4380000)
 Metaspace       used 65785K, capacity 67980K, committed 68096K, reserved 1107968K
  class space    used 8615K, capacity 9198K, committed 9216K, reserved 1048576K
Event: 261.380 GC heap after
Heap after GC invocations=20 (full 3):
 PSYoungGen      total 192000K, used 18185K [0x00000000e0000000, 0x00000000ef680000, 0x0000000100000000)
  eden space 172032K, 0% used [0x00000000e0000000,0x00000000e0000000,0x00000000ea800000)
  from space 19968K, 91% used [0x00000000ea800000,0x00000000eb9c2590,0x00000000ebb80000)
  to   space 22016K, 0% used [0x00000000ee100000,0x00000000ee100000,0x00000000ef680000)
 ParOldGen       total 69120K, used 31847K [0x00000000a0000000, 0x00000000a4380000, 0x00000000e0000000)
  object space 69120K, 46% used [0x00000000a0000000,0x00000000a1f19fa8,0x00000000a4380000)
 Metaspace       used 65785K, capacity 67980K, committed 68096K, reserved 1107968K
  class space    used 8615K, capacity 9198K, committed 9216K, reserved 1048576K
}

