# JRE version: Java(TM) SE Runtime Environment (8.0_271-b09) (build 1.8.0_271-b09)
# Java VM: Java HotSpot(TM) 64-Bit Server VM (25.271-b09 mixed mode windows-amd64 compressed oops)
Heap:
 PSYoungGen      total 71168K, used 19989K [0x00000000e0000000, 0x00000000e5e00000, 0x0000000100000000)
  eden space 65024K, 21% used [0x00000000e0000000,0x00000000e0d8b360,0x00000000e3f80000)
  from space 6144K, 99% used [0x00000000e3f80000,0x00000000e457a3b8,0x00000000e4580000)
  to   space 8704K, 0% used [0x00000000e5580000,0x00000000e5580000,0x00000000e5e00000)
 ParOldGen       total 41984K, used 18895K [0x00000000a0000000, 0x00000000a2900000, 0x00000000e0000000)
  object space 41984K, 45% used [0x00000000a0000000,0x00000000a1273dc8,0x00000000a2900000)
 Metaspace       used 43055K, capacity 43950K, committed 44160K, reserved 1087488K
  class space    used 5934K, capacity 6201K, committed 6272K, reserved 1048576K
GC Heap History (10 events):
Event: 35.140 GC heap before
{Heap before GC invocations=19 (full 1):
 PSYoungGen      total 53760K, used 53629K [0x00000000e0000000, 0x00000000e3d80000, 0x0000000100000000)
  eden space 49664K, 100% used [0x00000000e0000000,0x00000000e3080000,0x00000000e3080000)
  from space 4096K, 96% used [0x00000000e3700000,0x00000000e3adf5d8,0x00000000e3b00000)
  to   space 2560K, 0% used [0x00000000e3b00000,0x00000000e3b00000,0x00000000e3d80000)
 ParOldGen       total 27136K, used 14613K [0x00000000a0000000, 0x00000000a1a80000, 0x00000000e0000000)
  object space 27136K, 53% used [0x00000000a0000000,0x00000000a0e45748,0x00000000a1a80000)
 Metaspace       used 31730K, capacity 32110K, committed 32512K, reserved 1077248K
  class space    used 4443K, capacity 4584K, committed 4608K, reserved 1048576K
Event: 35.519 GC heap after
Heap after GC invocations=19 (full 1):
 PSYoungGen      total 56832K, used 2544K [0x00000000e0000000, 0x00000000e4680000, 0x0000000100000000)
  eden space 54272K, 0% used [0x00000000e0000000,0x00000000e0000000,0x00000000e3500000)
  from space 2560K, 99% used [0x00000000e3b00000,0x00000000e3d7c010,0x00000000e3d80000)
  to   space 6144K, 0% used [0x00000000e3500000,0x00000000e3500000,0x00000000e3b00000)
 ParOldGen       total 27136K, used 16981K [0x00000000a0000000, 0x00000000a1a80000, 0x00000000e0000000)
  object space 27136K, 62% used [0x00000000a0000000,0x00000000a10956f8,0x00000000a1a80000)
 Metaspace       used 31730K, capacity 32110K, committed 32512K, reserved 1077248K
  class space    used 4443K, capacity 4584K, committed 4608K, reserved 1048576K
}
Event: 41.299 GC heap before
{Heap before GC invocations=20 (full 1):
 PSYoungGen      total 56832K, used 56816K [0x00000000e0000000, 0x00000000e4680000, 0x0000000100000000)
  eden space 54272K, 100% used [0x00000000e0000000,0x00000000e3500000,0x00000000e3500000)
  from space 2560K, 99% used [0x00000000e3b00000,0x00000000e3d7c010,0x00000000e3d80000)
  to   space 6144K, 0% used [0x00000000e3500000,0x00000000e3500000,0x00000000e3b00000)
 ParOldGen       total 27136K, used 16981K [0x00000000a0000000, 0x00000000a1a80000, 0x00000000e0000000)
  object space 27136K, 62% used [0x00000000a0000000,0x00000000a10956f8,0x00000000a1a80000)
 Metaspace       used 34361K, capacity 35006K, committed 35328K, reserved 1079296K
  class space    used 4821K, capacity 5020K, committed 5120K, reserved 1048576K
Event: 41.411 GC heap after
Heap after GC invocations=20 (full 1):
 PSYoungGen      total 60416K, used 4143K [0x00000000e0000000, 0x00000000e4c00000, 0x0000000100000000)
  eden space 54272K, 0% used [0x00000000e0000000,0x00000000e0000000,0x00000000e3500000)
  from space 6144K, 67% used [0x00000000e3500000,0x00000000e390bda8,0x00000000e3b00000)
  to   space 6144K, 0% used [0x00000000e4600000,0x00000000e4600000,0x00000000e4c00000)
 ParOldGen       total 27136K, used 19508K [0x00000000a0000000, 0x00000000a1a80000, 0x00000000e0000000)
  object space 27136K, 71% used [0x00000000a0000000,0x00000000a130d2e8,0x00000000a1a80000)
 Metaspace       used 34361K, capacity 35006K, committed 35328K, reserved 1079296K
  class space    used 4821K, capacity 5020K, committed 5120K, reserved 1048576K
}
Event: 42.066 GC heap before
{Heap before GC invocations=21 (full 1):
 PSYoungGen      total 60416K, used 9413K [0x00000000e0000000, 0x00000000e4c00000, 0x0000000100000000)
  eden space 54272K, 9% used [0x00000000e0000000,0x00000000e0525850,0x00000000e3500000)
  from space 6144K, 67% used [0x00000000e3500000,0x00000000e390bda8,0x00000000e3b00000)
  to   space 6144K, 0% used [0x00000000e4600000,0x00000000e4600000,0x00000000e4c00000)
 ParOldGen       total 27136K, used 19508K [0x00000000a0000000, 0x00000000a1a80000, 0x00000000e0000000)
  object space 27136K, 71% used [0x00000000a0000000,0x00000000a130d2e8,0x00000000a1a80000)
 Metaspace       used 34698K, capacity 35454K, committed 35496K, reserved 1079296K
  class space    used 4858K, capacity 5106K, committed 5120K, reserved 1048576K
Event: 42.078 GC heap after
Heap after GC invocations=21 (full 1):
 PSYoungGen      total 70656K, used 933K [0x00000000e0000000, 0x00000000e4b80000, 0x0000000100000000)
  eden space 65024K, 0% used [0x00000000e0000000,0x00000000e0000000,0x00000000e3f80000)
  from space 5632K, 16% used [0x00000000e4600000,0x00000000e46e9638,0x00000000e4b80000)
  to   space 6144K, 0% used [0x00000000e3f80000,0x00000000e3f80000,0x00000000e4580000)
 ParOldGen       total 27136K, used 21190K [0x00000000a0000000, 0x00000000a1a80000, 0x00000000e0000000)
  object space 27136K, 78% used [0x00000000a0000000,0x00000000a14b1bd8,0x00000000a1a80000)
 Metaspace       used 34698K, capacity 35454K, committed 35496K, reserved 1079296K
  class space    used 4858K, capacity 5106K, committed 5120K, reserved 1048576K
}
Event: 42.079 GC heap before
{Heap before GC invocations=22 (full 2):
 PSYoungGen      total 70656K, used 933K [0x00000000e0000000, 0x00000000e4b80000, 0x0000000100000000)
  eden space 65024K, 0% used [0x00000000e0000000,0x00000000e0000000,0x00000000e3f80000)
  from space 5632K, 16% used [0x00000000e4600000,0x00000000e46e9638,0x00000000e4b80000)
  to   space 6144K, 0% used [0x00000000e3f80000,0x00000000e3f80000,0x00000000e4580000)
 ParOldGen       total 27136K, used 21190K [0x00000000a0000000, 0x00000000a1a80000, 0x00000000e0000000)
  object space 27136K, 78% used [0x00000000a0000000,0x00000000a14b1bd8,0x00000000a1a80000)
 Metaspace       used 34698K, capacity 35454K, committed 35496K, reserved 1079296K
  class space    used 4858K, capacity 5106K, committed 5120K, reserved 1048576K
Event: 42.818 GC heap after
Heap after GC invocations=22 (full 2):
 PSYoungGen      total 70656K, used 0K [0x00000000e0000000, 0x00000000e4b80000, 0x0000000100000000)
  eden space 65024K, 0% used [0x00000000e0000000,0x00000000e0000000,0x00000000e3f80000)
  from space 5632K, 0% used [0x00000000e4600000,0x00000000e4600000,0x00000000e4b80000)
  to   space 6144K, 0% used [0x00000000e3f80000,0x00000000e3f80000,0x00000000e4580000)
 ParOldGen       total 41984K, used 15050K [0x00000000a0000000, 0x00000000a2900000, 0x00000000e0000000)
  object space 41984K, 35% used [0x00000000a0000000,0x00000000a0eb2bb8,0x00000000a2900000)
 Metaspace       used 34689K, capacity 35424K, committed 35496K, reserved 1079296K
  class space    used 4855K, capacity 5101K, committed 5120K, reserved 1048576K
}
Event: 47.527 GC heap before
{Heap before GC invocations=23 (full 2):
 PSYoungGen      total 70656K, used 65024K [0x00000000e0000000, 0x00000000e4b80000, 0x0000000100000000)
  eden space 65024K, 100% used [0x00000000e0000000,0x00000000e3f80000,0x00000000e3f80000)
  from space 5632K, 0% used [0x00000000e4600000,0x00000000e4600000,0x00000000e4b80000)
  to   space 6144K, 0% used [0x00000000e3f80000,0x00000000e3f80000,0x00000000e4580000)
 ParOldGen       total 41984K, used 15050K [0x00000000a0000000, 0x00000000a2900000, 0x00000000e0000000)
  object space 41984K, 35% used [0x00000000a0000000,0x00000000a0eb2bb8,0x00000000a2900000)
 Metaspace       used 42306K, capacity 43202K, committed 43520K, reserved 1087488K
  class space    used 5828K, capacity 6103K, committed 6144K, reserved 1048576K
Event: 47.812 GC heap after
Heap after GC invocations=23 (full 2):
 PSYoungGen      total 71168K, used 6120K [0x00000000e0000000, 0x00000000e5e00000, 0x0000000100000000)
  eden space 65024K, 0% used [0x00000000e0000000,0x00000000e0000000,0x00000000e3f80000)
  from space 6144K, 99% used [0x00000000e3f80000,0x00000000e457a3b8,0x00000000e4580000)
  to   space 8704K, 0% used [0x00000000e5580000,0x00000000e5580000,0x00000000e5e00000)
 ParOldGen       total 41984K, used 18895K [0x00000000a0000000, 0x00000000a2900000, 0x00000000e0000000)
  object space 41984K, 45% used [0x00000000a0000000,0x00000000a1273dc8,0x00000000a2900000)
 Metaspace       used 42306K, capacity 43202K, committed 43520K, reserved 1087488K
  class space    used 5828K, capacity 6103K, committed 6144K, reserved 1048576K
}

